2023-02-12 13:03:18.511  WARN 11008 --- [HikariPool-1 housekeeper] com.zaxxer.hikari.pool.HikariPool        : HikariPool-1 - Thread starvation or clock leap detected (housekeeper delta=11h4m8s695ms852µs200ns).
2023-02-12 13:20:11.275  INFO 11008 --- [SpringContextShutdownHook] o.s.s.concurrent.ThreadPoolTaskExecutor  : Shutting down ExecutorService 'applicationTaskExecutor'
2023-02-12 13:20:11.281  INFO 11008 --- [SpringContextShutdownHook] j.LocalContainerEntityManagerFactoryBean : Closing JPA EntityManagerFactory for persistence unit 'default'
2023-02-12 13:20:11.359  INFO 11008 --- [SpringContextShutdownHook] com.zaxxer.hikari.HikariDataSource       : HikariPool-1 - Shutdown initiated...
2023-02-12 13:20:11.373  INFO 11008 --- [SpringContextShutdownHook] com.zaxxer.hikari.HikariDataSource       : HikariPool-1 - Shutdown completed.
2023-02-12 13:20:46.287  INFO 20568 --- [main] com.example.ssmp.SsmpApplication         : Starting SsmpApplication using Java 1.8.0_331 on LAPTOP-F4S35VFD with PID 20568 (C:\Users\Peiboring\Desktop\SpringBoot\code\ssmp\target\classes started by Peiboring in C:\Users\Peiboring\Desktop\SpringBoot\code\ssmp)
2023-02-12 13:20:46.288  INFO 20568 --- [main] com.example.ssmp.SsmpApplication         : The following profiles are active: dev,devConfigurationProperties,devJdbcTemplate
2023-02-12 13:20:46.324  INFO 20568 --- [main] .e.DevToolsPropertyDefaultsPostProcessor : For additional web related logging consider setting the 'logging.level.web' property to 'DEBUG'
2023-02-12 13:20:46.829  INFO 20568 --- [main] .s.d.r.c.RepositoryConfigurationDelegate : Multiple Spring Data modules found, entering strict repository configuration mode!
2023-02-12 13:20:46.830  INFO 20568 --- [main] .s.d.r.c.RepositoryConfigurationDelegate : Bootstrapping Spring Data JPA repositories in DEFAULT mode.
2023-02-12 13:20:46.843  INFO 20568 --- [main] .s.d.r.c.RepositoryConfigurationDelegate : Finished Spring Data repository scanning in 7 ms. Found 0 JPA repository interfaces.
2023-02-12 13:20:46.860  INFO 20568 --- [main] .s.d.r.c.RepositoryConfigurationDelegate : Multiple Spring Data modules found, entering strict repository configuration mode!
2023-02-12 13:20:46.860  INFO 20568 --- [main] .s.d.r.c.RepositoryConfigurationDelegate : Bootstrapping Spring Data MongoDB repositories in DEFAULT mode.
2023-02-12 13:20:46.862  INFO 20568 --- [main] .s.d.r.c.RepositoryConfigurationDelegate : Finished Spring Data repository scanning in 2 ms. Found 0 MongoDB repository interfaces.
2023-02-12 13:20:46.870  INFO 20568 --- [main] .s.d.r.c.RepositoryConfigurationDelegate : Multiple Spring Data modules found, entering strict repository configuration mode!
2023-02-12 13:20:46.872  INFO 20568 --- [main] .s.d.r.c.RepositoryConfigurationDelegate : Bootstrapping Spring Data Redis repositories in DEFAULT mode.
2023-02-12 13:20:46.878  INFO 20568 --- [main] .s.d.r.c.RepositoryConfigurationDelegate : Finished Spring Data repository scanning in 2 ms. Found 0 Redis repository interfaces.
2023-02-12 13:20:47.265  INFO 20568 --- [main] o.s.b.w.embedded.tomcat.TomcatWebServer  : Tomcat initialized with port(s): 83 (http)
2023-02-12 13:20:47.272  INFO 20568 --- [main] o.apache.catalina.core.StandardService   : Starting service [Tomcat]
2023-02-12 13:20:47.272  INFO 20568 --- [main] org.apache.catalina.core.StandardEngine  : Starting Servlet engine: [Apache Tomcat/9.0.45]
2023-02-12 13:20:47.358  INFO 20568 --- [main] o.a.c.c.C.[Tomcat].[localhost].[/]       : Initializing Spring embedded WebApplicationContext
2023-02-12 13:20:47.358  INFO 20568 --- [main] w.s.c.ServletWebServerApplicationContext : Root WebApplicationContext: initialization completed in 1033 ms
2023-02-12 13:20:47.465  INFO 20568 --- [main] com.zaxxer.hikari.HikariDataSource       : HikariPool-1 - Starting...
2023-02-12 13:20:47.606  INFO 20568 --- [main] com.zaxxer.hikari.HikariDataSource       : HikariPool-1 - Start completed.
2023-02-12 13:20:47.636  INFO 20568 --- [main] o.hibernate.jpa.internal.util.LogHelper  : HHH000204: Processing PersistenceUnitInfo [name: default]
2023-02-12 13:20:47.684  INFO 20568 --- [main] org.hibernate.Version                    : HHH000412: Hibernate ORM core version 5.4.30.Final
2023-02-12 13:20:47.818  INFO 20568 --- [main] o.hibernate.annotations.common.Version   : HCANN000001: Hibernate Commons Annotations {5.1.2.Final}
2023-02-12 13:20:47.941  INFO 20568 --- [main] org.hibernate.dialect.Dialect            : HHH000400: Using dialect: org.hibernate.dialect.MySQL57Dialect
2023-02-12 13:20:48.116  INFO 20568 --- [main] o.h.e.t.j.p.i.JtaPlatformInitiator       : HHH000490: Using JtaPlatform implementation: [org.hibernate.engine.transaction.jta.platform.internal.NoJtaPlatform]
2023-02-12 13:20:48.138  INFO 20568 --- [main] j.LocalContainerEntityManagerFactoryBean : Initialized JPA EntityManagerFactory for persistence unit 'default'
2023-02-12 13:20:49.597  WARN 20568 --- [main] JpaBaseConfiguration$JpaWebConfiguration : spring.jpa.open-in-view is enabled by default. Therefore, database queries may be performed during view rendering. Explicitly configure spring.jpa.open-in-view to disable this warning
2023-02-12 13:20:49.669  INFO 20568 --- [main] o.s.s.concurrent.ThreadPoolTaskExecutor  : Initializing ExecutorService 'applicationTaskExecutor'
2023-02-12 13:20:50.007  INFO 20568 --- [main] org.mongodb.driver.cluster               : Cluster created with settings {hosts=[localhost:27017], mode=SINGLE, requiredClusterType=UNKNOWN, serverSelectionTimeout='30000 ms'}
2023-02-12 13:20:50.046  INFO 20568 --- [cluster-ClusterId{value='63e87732d70f3758f174d27b', description='null'}-localhost:27017] org.mongodb.driver.connection            : Opened connection [connectionId{localValue:2, serverValue:3}] to localhost:27017
2023-02-12 13:20:50.046  INFO 20568 --- [cluster-rtt-ClusterId{value='63e87732d70f3758f174d27b', description='null'}-localhost:27017] org.mongodb.driver.connection            : Opened connection [connectionId{localValue:1, serverValue:4}] to localhost:27017
2023-02-12 13:20:50.048  INFO 20568 --- [cluster-ClusterId{value='63e87732d70f3758f174d27b', description='null'}-localhost:27017] org.mongodb.driver.cluster               : Monitor thread successfully connected to server with description ServerDescription{address=localhost:27017, type=STANDALONE, state=CONNECTED, ok=true, minWireVersion=0, maxWireVersion=13, maxDocumentSize=16777216, logicalSessionTimeoutMinutes=30, roundTripTimeNanos=13881500}
2023-02-12 13:20:50.329  INFO 20568 --- [main] o.s.b.w.embedded.tomcat.TomcatWebServer  : Tomcat started on port(s): 83 (http) with context path ''
2023-02-12 13:20:50.339  INFO 20568 --- [main] com.example.ssmp.SsmpApplication         : Started SsmpApplication in 4.406 seconds (JVM running for 5.129)
2023-02-12 13:21:02.060  INFO 20568 --- [http-nio-83-exec-1] o.a.c.c.C.[Tomcat].[localhost].[/]       : Initializing Spring DispatcherServlet 'dispatcherServlet'
2023-02-12 13:21:02.061  INFO 20568 --- [http-nio-83-exec-1] o.s.web.servlet.DispatcherServlet        : Initializing Servlet 'dispatcherServlet'
2023-02-12 13:21:02.062  INFO 20568 --- [http-nio-83-exec-1] o.s.web.servlet.DispatcherServlet        : Completed initialization in 1 ms
2023-02-12 14:12:26.147  INFO 20568 --- [SpringContextShutdownHook] o.s.s.concurrent.ThreadPoolTaskExecutor  : Shutting down ExecutorService 'applicationTaskExecutor'
2023-02-12 14:12:26.149  INFO 20568 --- [SpringContextShutdownHook] j.LocalContainerEntityManagerFactoryBean : Closing JPA EntityManagerFactory for persistence unit 'default'
2023-02-12 14:12:26.161  INFO 20568 --- [SpringContextShutdownHook] com.zaxxer.hikari.HikariDataSource       : HikariPool-1 - Shutdown initiated...
2023-02-12 14:12:26.169  INFO 20568 --- [SpringContextShutdownHook] com.zaxxer.hikari.HikariDataSource       : HikariPool-1 - Shutdown completed.
